[35m[Appium][39m Welcome to Appium v1.22.3
[35m[Appium][39m Non-default server args:
[35m[Appium][39m   port: 59340
[35m[Appium][39m   loglevel: info
[35m[Appium][39m   tmpDir: C:\Users\Limia\AppData\Local\Temp\\Katalon\Appium\Temp1672740425091
[35m[Appium][39m   chromedriverPort: 59341
[35m[Appium][39m Deprecated server args:
[35m[Appium][39m   [31m--chromedriver-port[39m => --default-capabilities
[35m[Appium][39m Default capabilities, which will be added to each request unless overridden by desired capabilities:
[35m[Appium][39m   chromedriverPort: 59341
[35m[Appium][39m Appium REST http interface listener started on 0.0.0.0:59340
[35m[HTTP][39m [37m-->[39m [37mGET[39m [37m/wd/hub/status[39m
[35m[HTTP][39m [90m{}[39m
[35m[HTTP][39m [37m<-- GET /wd/hub/status [39m[32m200[39m [90m70 ms - 68[39m
[35m[HTTP][39m [90m[39m
[35m[HTTP][39m [37m-->[39m [37mGET[39m [37m/wd/hub/status[39m
[35m[HTTP][39m [90m{}[39m
[35m[HTTP][39m [37m<-- GET /wd/hub/status [39m[32m200[39m [90m1 ms - 68[39m
[35m[HTTP][39m [90m[39m
[35m[HTTP][39m [37m-->[39m [37mPOST[39m [37m/wd/hub/session[39m
[35m[HTTP][39m [90m{"desiredCapabilities":{"appPackage":"com.android.settings","appWaitActivity":"*","deviceId":"","deviceName":"samsung SM-A525F (Android 13)","platform":"ANDROID","appActivity":".Settings","newCommandTimeout":1800,"platformVersion":"13","automationName":"uiautomator2","autoGrantPermissions":true,"platformName":"Android","udid":"RR8R604YS3Y","systemPort":8292},"capabilities":{"firstMatch":[{"appium:appActivity":".Settings","appium:appPackage":"com.android.settings","appium:appWaitActivity":"*","appium:autoGrantPermissions":true,"appium:automationName":"uiautomator2","deviceId":"","appium:deviceName":"samsung SM-A525F (Android 13)","appium:newCommandTimeout":1800,"platform":"ANDROID","platformName":"android","appium:platformVersion":"13","appium:systemPort":8292,"appium:udid":"RR8R604YS3Y"}]}}[39m
[35m[BaseDriver][39m The following capabilities are not standard capabilities and should have an extension prefix:
[35m[BaseDriver][39m   deviceId
[35m[BaseDriver][39m   platform
[35m[BaseDriver][39m   chromedriverPort
[35m[Appium][39m Appium v1.22.3 creating new AndroidUiautomator2Driver (v1.70.1) session
[35m[BaseDriver][39m The following capabilities were provided, but are not recognized by Appium:
[35m[BaseDriver][39m   deviceId
[35m[BaseDriver][39m   platform
[35m[BaseDriver][39m Session created with session id: 3e4ff6ba-c76d-4c70-808d-c2b90dad2f3a
[35m[UiAutomator2][39m Starting 'com.android.settings' directly on the device
[35m[ADB][39m Found 1 'build-tools' folders under 'C:\Users\Limia\.katalon\tools\android_sdk' (newest first):
[35m[ADB][39m     C:/Users/Limia/.katalon/tools/android_sdk/build-tools/29.0.3
[35m[ADB][39m Using 'adb.exe' from 'C:\Users\Limia\.katalon\tools\android_sdk\platform-tools\adb.exe'
[35m[AndroidDriver][39m Retrieving device list
[35m[AndroidDriver][39m Using device: RR8R604YS3Y
[35m[ADB][39m Using 'adb.exe' from 'C:\Users\Limia\.katalon\tools\android_sdk\platform-tools\adb.exe'
[35m[ADB][39m Getting device platform version
[35m[UiAutomator2][39m Relaxing hidden api policy
[35m[AndroidDriver][39m No app sent in, not parsing package/activity
[35m[ADB][39m Using 'apksigner.jar' from 'C:\Users\Limia\.katalon\tools\android_sdk\build-tools\29.0.3\lib\apksigner.jar'
[35m[ADB][39m 'C:\Users\Limia\AppData\Roaming\npm\node_modules\appium\node_modules\appium-uiautomator2-server\apks\appium-uiautomator2-server-v4.27.0.apk' is signed with the default certificate
[35m[ADB][39m 'C:\Users\Limia\AppData\Roaming\npm\node_modules\appium\node_modules\appium-uiautomator2-server\apks\appium-uiautomator2-server-debug-androidTest.apk' is signed with the default certificate
[35m[UiAutomator2][39m Server packages are not going to be (re)installed
[35m[ADB][39m Adding packages ["io.appium.settings","io.appium.uiautomator2.server","io.appium.uiautomator2.server.test"] to Doze whitelist
[35m[ADB][39m com.android.settings contains no permissions available for granting
[35m[UiAutomator2][39m Starting UIAutomator2 server 4.27.0
[35m[UiAutomator2][39m Using UIAutomator2 server from 'C:\Users\Limia\AppData\Roaming\npm\node_modules\appium\node_modules\appium-uiautomator2-server\apks\appium-uiautomator2-server-v4.27.0.apk' and test from 'C:\Users\Limia\AppData\Roaming\npm\node_modules\appium\node_modules\appium-uiautomator2-server\apks\appium-uiautomator2-server-debug-androidTest.apk'
[35m[UiAutomator2][39m Waiting up to 30000ms for UiAutomator2 to be online...
[35m[WD Proxy][39m socket hang up
[35m[WD Proxy][39m socket hang up
[35m[WD Proxy][39m socket hang up
[35m[WD Proxy][39m Determined the downstream protocol as 'W3C'
[35m[AndroidDriver][39m Screen already unlocked, doing nothing
[35m[UiAutomator2][39m Starting 'com.android.settings/.Settings and waiting for 'com.android.settings/*'
[35m[Appium][39m New AndroidUiautomator2Driver session created successfully, session 3e4ff6ba-c76d-4c70-808d-c2b90dad2f3a added to master session list
[35m[HTTP][39m [37m<-- POST /wd/hub/session [39m[32m200[39m [90m12848 ms - 1230[39m
[35m[HTTP][39m [90m[39m
[35m[HTTP][39m [37m-->[39m [37mGET[39m [37m/wd/hub/session/3e4ff6ba-c76d-4c70-808d-c2b90dad2f3a[39m
[35m[HTTP][39m [90m{}[39m
[35m[HTTP][39m [37m<-- GET /wd/hub/session/3e4ff6ba-c76d-4c70-808d-c2b90dad2f3a [39m[32m200[39m [90m32 ms - 1184[39m
[35m[HTTP][39m [90m[39m
[35m[HTTP][39m [37m-->[39m [37mGET[39m [37m/wd/hub/session/3e4ff6ba-c76d-4c70-808d-c2b90dad2f3a[39m
[35m[HTTP][39m [90m{}[39m
[35m[HTTP][39m [37m<-- GET /wd/hub/session/3e4ff6ba-c76d-4c70-808d-c2b90dad2f3a [39m[32m200[39m [90m17 ms - 1184[39m
[35m[HTTP][39m [90m[39m
[35m[HTTP][39m [37m-->[39m [37mGET[39m [37m/wd/hub/status[39m
[35m[HTTP][39m [90m{}[39m
[35m[HTTP][39m [37m<-- GET /wd/hub/status [39m[32m200[39m [90m1 ms - 68[39m
[35m[HTTP][39m [90m[39m
[35m[HTTP][39m [37m-->[39m [37mPOST[39m [37m/wd/hub/session/3e4ff6ba-c76d-4c70-808d-c2b90dad2f3a/timeouts[39m
[35m[HTTP][39m [90m{"implicit":60000}[39m
[35m[HTTP][39m [37m<-- POST /wd/hub/session/3e4ff6ba-c76d-4c70-808d-c2b90dad2f3a/timeouts [39m[32m200[39m [90m4 ms - 14[39m
[35m[HTTP][39m [90m[39m
[35m[HTTP][39m [37m-->[39m [37mGET[39m [37m/wd/hub/session/3e4ff6ba-c76d-4c70-808d-c2b90dad2f3a/screenshot[39m
[35m[HTTP][39m [90m{}[39m
[35m[HTTP][39m [37m<-- GET /wd/hub/session/3e4ff6ba-c76d-4c70-808d-c2b90dad2f3a/screenshot [39m[32m200[39m [90m460 ms - 205802[39m
[35m[HTTP][39m [90m[39m
[35m[HTTP][39m [37m-->[39m [37mGET[39m [37m/wd/hub/session/3e4ff6ba-c76d-4c70-808d-c2b90dad2f3a/window/rect[39m
[35m[HTTP][39m [90m{}[39m
[35m[HTTP][39m [37m<-- GET /wd/hub/session/3e4ff6ba-c76d-4c70-808d-c2b90dad2f3a/window/rect [39m[32m200[39m [90m34 ms - 50[39m
[35m[HTTP][39m [90m[39m
[35m[HTTP][39m [37m-->[39m [37mGET[39m [37m/wd/hub/session/3e4ff6ba-c76d-4c70-808d-c2b90dad2f3a/appium/device/system_bars[39m
[35m[HTTP][39m [90m{}[39m
[35m[HTTP][39m [37m<-- GET /wd/hub/session/3e4ff6ba-c76d-4c70-808d-c2b90dad2f3a/appium/device/system_bars [39m[32m200[39m [90m194 ms - 145[39m
[35m[HTTP][39m [90m[39m
[35m[HTTP][39m [37m-->[39m [37mPOST[39m [37m/wd/hub/session/3e4ff6ba-c76d-4c70-808d-c2b90dad2f3a/appium/device/activate_app[39m
[35m[HTTP][39m [90m{"bundleId":"com.swaglabsmobileapp"}[39m
[35m[HTTP][39m [37m<-- POST /wd/hub/session/3e4ff6ba-c76d-4c70-808d-c2b90dad2f3a/appium/device/activate_app [39m[32m200[39m [90m746 ms - 14[39m
[35m[HTTP][39m [90m[39m
[35m[HTTP][39m [37m-->[39m [37mGET[39m [37m/wd/hub/session/3e4ff6ba-c76d-4c70-808d-c2b90dad2f3a/source[39m
[35m[HTTP][39m [90m{}[39m
[35m[W3C (3e4ff6ba)][39m Driver proxy active, passing request on via HTTP proxy
[35m[WD Proxy][39m Replacing sessionId 6b69b293-7c55-4f2f-92ef-f51ff11f967a with 3e4ff6ba-c76d-4c70-808d-c2b90dad2f3a
[35m[HTTP][39m [37m<-- GET /wd/hub/session/3e4ff6ba-c76d-4c70-808d-c2b90dad2f3a/source [39m[32m200[39m [90m661 ms - 12635[39m
[35m[HTTP][39m [90m[39m
[35m[HTTP][39m [37m-->[39m [37mGET[39m [37m/wd/hub/session/3e4ff6ba-c76d-4c70-808d-c2b90dad2f3a/screenshot[39m
[35m[HTTP][39m [90m{}[39m
[35m[HTTP][39m [37m<-- GET /wd/hub/session/3e4ff6ba-c76d-4c70-808d-c2b90dad2f3a/screenshot [39m[32m200[39m [90m557 ms - 339358[39m
[35m[HTTP][39m [90m[39m
[35m[HTTP][39m [37m-->[39m [37mGET[39m [37m/wd/hub/session/3e4ff6ba-c76d-4c70-808d-c2b90dad2f3a/source[39m
[35m[HTTP][39m [90m{}[39m
[35m[W3C (3e4ff6ba)][39m Driver proxy active, passing request on via HTTP proxy
[35m[WD Proxy][39m Replacing sessionId 6b69b293-7c55-4f2f-92ef-f51ff11f967a with 3e4ff6ba-c76d-4c70-808d-c2b90dad2f3a
[35m[HTTP][39m [37m<-- GET /wd/hub/session/3e4ff6ba-c76d-4c70-808d-c2b90dad2f3a/source [39m[32m200[39m [90m151 ms - 12618[39m
[35m[HTTP][39m [90m[39m
[35m[HTTP][39m [37m-->[39m [37mGET[39m [37m/wd/hub/session/3e4ff6ba-c76d-4c70-808d-c2b90dad2f3a/screenshot[39m
[35m[HTTP][39m [90m{}[39m
[35m[HTTP][39m [37m<-- GET /wd/hub/session/3e4ff6ba-c76d-4c70-808d-c2b90dad2f3a/screenshot [39m[32m200[39m [90m587 ms - 339396[39m
[35m[HTTP][39m [90m[39m
[35m[HTTP][39m [37m-->[39m [37mPOST[39m [37m/wd/hub/session/3e4ff6ba-c76d-4c70-808d-c2b90dad2f3a/elements[39m
[35m[HTTP][39m [90m{"using":"xpath","value":"//*[@class = 'android.widget.EditText' and (@text = 'Username' or . = 'Username')]"}[39m
[35m[HTTP][39m [37m<-- POST /wd/hub/session/3e4ff6ba-c76d-4c70-808d-c2b90dad2f3a/elements [39m[32m200[39m [90m369 ms - 139[39m
[35m[HTTP][39m [90m[39m
[35m[HTTP][39m [37m-->[39m [37mPOST[39m [37m/wd/hub/session/3e4ff6ba-c76d-4c70-808d-c2b90dad2f3a/elements[39m
[35m[HTTP][39m [90m{"using":"xpath","value":"//*[@class = 'android.widget.EditText' and (@text = 'Password' or . = 'Password')]"}[39m
[35m[HTTP][39m [37m<-- POST /wd/hub/session/3e4ff6ba-c76d-4c70-808d-c2b90dad2f3a/elements [39m[32m200[39m [90m105 ms - 139[39m
[35m[HTTP][39m [90m[39m
[35m[HTTP][39m [37m-->[39m [37mPOST[39m [37m/wd/hub/session/3e4ff6ba-c76d-4c70-808d-c2b90dad2f3a/elements[39m
[35m[HTTP][39m [90m{"using":"xpath","value":"//*[@class = 'android.view.ViewGroup' and (@text = '' or . = '')]"}[39m
[35m[HTTP][39m [37m<-- POST /wd/hub/session/3e4ff6ba-c76d-4c70-808d-c2b90dad2f3a/elements [39m[32m200[39m [90m213 ms - 1803[39m
[35m[HTTP][39m [90m[39m
[35m[HTTP][39m [37m-->[39m [37mPOST[39m [37m/wd/hub/session/3e4ff6ba-c76d-4c70-808d-c2b90dad2f3a/elements[39m
[35m[HTTP][39m [90m{"using":"accessibility id","value":"test-LOGIN"}[39m
[35m[HTTP][39m [37m<-- POST /wd/hub/session/3e4ff6ba-c76d-4c70-808d-c2b90dad2f3a/elements [39m[32m200[39m [90m101 ms - 139[39m
[35m[HTTP][39m [90m[39m
[35m[HTTP][39m [37m-->[39m [37mPOST[39m [37m/wd/hub/session/3e4ff6ba-c76d-4c70-808d-c2b90dad2f3a/elements[39m
[35m[HTTP][39m [90m{"using":"xpath","value":"//*[@class = 'android.view.ViewGroup' and (@text = '' or . = '')]"}[39m
[35m[HTTP][39m [37m<-- POST /wd/hub/session/3e4ff6ba-c76d-4c70-808d-c2b90dad2f3a/elements [39m[32m200[39m [90m255 ms - 1803[39m
[35m[HTTP][39m [90m[39m
[35m[HTTP][39m [37m-->[39m [37mPOST[39m [37m/wd/hub/session/3e4ff6ba-c76d-4c70-808d-c2b90dad2f3a/elements[39m
[35m[HTTP][39m [90m{"using":"accessibility id","value":"test-biometry"}[39m
[35m[HTTP][39m [37m<-- POST /wd/hub/session/3e4ff6ba-c76d-4c70-808d-c2b90dad2f3a/elements [39m[32m200[39m [90m54 ms - 139[39m
[35m[HTTP][39m [90m[39m
[35m[HTTP][39m [37m-->[39m [37mDELETE[39m [37m/wd/hub/session/3e4ff6ba-c76d-4c70-808d-c2b90dad2f3a[39m
[35m[HTTP][39m [90m{}[39m
[35m[Appium][39m Removing session 3e4ff6ba-c76d-4c70-808d-c2b90dad2f3a from our master session list
[35m[UiAutomator2][39m Restoring hidden api policy to the device default configuration
[35m[HTTP][39m [37m<-- DELETE /wd/hub/session/3e4ff6ba-c76d-4c70-808d-c2b90dad2f3a [39m[32m200[39m [90m711 ms - 14[39m
[35m[HTTP][39m [90m[39m
